2020-11-20 21:25:31,163 - pyswarms.single.global_best - INFO - Optimize for 1000 iters with {'c1': 0.5, 'c2': 0.3, 'w': 0.9}
2020-11-20 21:32:14,794 - pyswarms.single.global_best - INFO - Optimize for 1000 iters with {'c1': 0.5, 'c2': 0.3, 'w': 0.9}
2020-11-20 21:32:54,215 - pyswarms.single.global_best - INFO - Optimize for 1000 iters with {'c1': 0.5, 'c2': 0.3, 'w': 0.9}
2020-11-20 21:33:59,441 - pyswarms.single.global_best - INFO - Optimize for 1000 iters with {'c1': 0.5, 'c2': 0.3, 'w': 0.9}
2020-11-20 21:34:33,272 - pyswarms.single.global_best - INFO - Optimize for 1000 iters with {'c1': 0.5, 'c2': 0.3, 'w': 0.9}
2020-11-20 21:34:56,391 - pyswarms.single.global_best - INFO - Optimize for 1000 iters with {'c1': 0.5, 'c2': 0.3, 'w': 0.9}
2020-11-20 21:35:09,037 - pyswarms.single.global_best - INFO - Optimize for 1000 iters with {'c1': 0.5, 'c2': 0.3, 'w': 0.9}
2020-11-20 21:35:22,081 - pyswarms.single.global_best - INFO - Optimize for 1000 iters with {'c1': 0.5, 'c2': 0.3, 'w': 0.9}
2020-11-20 21:35:34,024 - pyswarms.single.global_best - INFO - Optimize for 1000 iters with {'c1': 0.5, 'c2': 0.3, 'w': 0.9}
2020-11-20 21:36:04,046 - pyswarms.single.global_best - INFO - Optimize for 1000 iters with {'c1': 0.5, 'c2': 0.3, 'w': 0.9}
2020-11-20 21:36:24,772 - pyswarms.single.global_best - INFO - Optimize for 1000 iters with {'c1': 0.5, 'c2': 0.3, 'w': 0.9}
2020-11-20 21:37:52,099 - pyswarms.single.global_best - INFO - Optimize for 1000 iters with {'c1': 0.5, 'c2': 0.3, 'w': 0.9}
2020-11-20 21:38:31,211 - pyswarms.single.global_best - INFO - Optimize for 1000 iters with {'c1': 0.5, 'c2': 0.3, 'w': 0.9}
2020-11-20 21:39:20,366 - pyswarms.single.global_best - INFO - Optimize for 1000 iters with {'c1': 0.5, 'c2': 0.3, 'w': 0.9}
2020-11-20 21:47:47,170 - pyswarms.single.global_best - INFO - Optimize for 1000 iters with {'c1': 0.5, 'c2': 0.3, 'w': 0.9}
2020-11-20 21:51:38,061 - pyswarms.single.global_best - INFO - Optimize for 1000 iters with {'c1': 0.5, 'c2': 0.3, 'w': 0.9}
2020-11-20 21:52:39,184 - pyswarms.single.global_best - INFO - Optimize for 100 iters with {'c1': 0.5, 'c2': 0.3, 'w': 0.9}
2020-11-20 21:52:51,436 - pyswarms.single.global_best - INFO - Optimize for 1000 iters with {'c1': 0.5, 'c2': 0.3, 'w': 0.9}
2020-11-20 21:54:18,126 - matplotlib.font_manager - WARNING - Matplotlib is building the font cache using fc-list. This may take a moment.
2020-11-20 21:54:45,292 - matplotlib.font_manager - WARNING - Matplotlib is building the font cache using fc-list. This may take a moment.
2020-11-20 21:55:03,240 - matplotlib.font_manager - INFO - Failed to extract font properties from /System/Library/Fonts/Apple Color Emoji.ttc: In FT2Font: Could not set the fontsize (error code 0x17)
2020-11-20 21:55:03,425 - matplotlib.font_manager - INFO - Failed to extract font properties from /System/Library/Fonts/Supplemental/NISC18030.ttf: In FT2Font: Could not set the fontsize (error code 0x17)
2020-11-20 21:55:03,609 - matplotlib.font_manager - INFO - generated new fontManager
2020-11-20 21:55:50,946 - pyswarms.single.global_best - INFO - Optimize for 1000 iters with {'c1': 0.5, 'c2': 0.3, 'w': 0.9}
2020-11-20 21:56:18,295 - pyswarms.single.global_best - INFO - Optimize for 1000 iters with {'c1': 0.5, 'c2': 0.3, 'w': 0.9}
2020-11-20 21:59:04,414 - pyswarms.single.global_best - INFO - Optimize for 1000 iters with {'c1': 0.5, 'c2': 0.3, 'w': 0.9}
2020-11-20 21:59:16,420 - pyswarms.single.global_best - INFO - Optimization finished | best cost: 0.02995975546569035, best pos: [ 5.40886202e-01  1.23769715e-01  2.73459010e-01  1.80336944e-01
 -5.76732558e-02 -1.25316088e+00 -1.50805013e+00 -9.72147419e-01
 -1.80856280e-01 -8.87790911e-01 -1.37935945e+00  3.69895324e+00
 -3.03766743e-01  3.55000636e-01  1.66437251e+00 -2.21640664e+00
  3.00659294e-01 -8.13558390e-01  2.60820010e-01  1.14232709e+00
  3.19249974e-01 -3.92013577e-01 -1.76922603e+01  6.25886378e-02
 -1.36291582e-01  4.11176633e-01  8.08845566e-01  5.43236176e-01
 -1.67279142e+00 -2.10165992e-01 -6.70299564e-01  2.98929144e+00
  3.57985638e+00  1.46450659e-01  1.35310688e+00  9.88273133e-02
  2.99377021e-01 -3.56702479e-01 -6.78107748e-01 -3.62829992e-01
 -1.92498159e+00 -1.03204029e-01 -2.83043671e-01 -6.77183709e-01
  7.37656675e-01 -4.52819353e-01  1.57469915e-02  1.11134542e+00
  2.54481176e+00  1.62861142e-01  2.80586529e+00 -5.39358122e+00
  1.37213729e-01  2.26525879e-01  2.30079696e-01 -4.85079524e-01
 -2.06349711e+00  6.04517719e-01  1.31591005e-01 -1.08888502e+00
  3.58365151e-01 -4.59456512e-01 -2.92050121e-01  1.79569853e+00
 -9.33193269e-02 -1.56874844e+00  4.95990551e-01  4.59858815e-01
  3.17545951e+00  3.17240947e-01  3.49343627e-01  1.85007303e-01
  1.63604563e+00  1.84379500e+00 -2.71743052e-02  4.91341401e-01
  8.21612575e-01  1.52213196e-01  2.75259574e+00  9.71201571e-01
  1.78576542e+00 -8.01410763e-01 -5.75158166e-01  1.46169527e+00
 -1.33632628e+00  3.18661324e-01  2.73859881e-02  4.37120880e-01
  2.64619912e-01  3.05343719e+00 -3.22640059e+00 -2.48665708e-01
  1.76937599e+00  5.69199983e-01 -7.65157445e+00 -4.77260272e-02
 -8.92585843e-01 -2.13686634e+00 -5.96386694e+00  1.51993200e-01
  1.20046853e+00 -4.37381533e+00 -1.85658794e+00 -2.68518851e-01
  3.76274431e-01 -7.99747567e-01 -2.54574324e-01  6.76965568e-01
 -7.37292309e-01  1.14432272e-01  2.53209866e-01  3.62280605e-01
 -7.59558874e+00  7.76449658e-01  5.18995228e-01  1.71038310e+00
  1.12512495e-01  5.75351599e-01  4.18541040e-01 -1.81039322e+00
  2.85164854e+00 -8.41305833e-01 -3.21012602e-01  1.56285755e+00
 -2.43010687e-01  2.65860845e+00 -3.74627943e-01 -2.34381742e-02
 -4.44048592e-01  4.42307705e-02 -3.90052349e-01 -5.20600476e+00
  9.98579782e-01  8.74538195e-02  2.48356679e+01 -4.43391074e-02
  1.35595910e+00 -1.80268996e+01 -4.54251115e-01  2.48557933e-01
 -1.66572164e+00  1.85278943e-01  1.20534110e-01  1.65826229e-01
  1.51968168e+00  5.94567700e-01  5.77348653e+00 -4.75192118e-01
  1.25977187e+00  1.47824292e-01  1.50971798e+00 -1.08501117e+00
  1.79146405e+01 -1.61573352e-02  3.05343725e-01 -1.78024825e+01
  1.62971889e+00  1.29511794e-01 -6.73366059e-02  5.01938026e-01
  1.36307623e+00  6.11533203e-01 -6.73807216e-01]
2020-11-20 22:01:50,602 - pyswarms.single.global_best - INFO - Optimize for 1000 iters with {'c1': 0.5, 'c2': 0.3, 'w': 0.9}
2020-11-20 22:08:44,207 - pyswarms.single.global_best - INFO - Optimize for 1000 iters with {'c1': 0.5, 'c2': 0.3, 'w': 0.9}
2020-11-20 22:09:20,170 - pyswarms.single.global_best - INFO - Optimize for 1000 iters with {'c1': 0.5, 'c2': 0.3, 'w': 0.9}
2020-11-20 22:14:19,110 - pyswarms.single.global_best - INFO - Optimize for 1000 iters with {'c1': 0.5, 'c2': 0.3, 'w': 0.9}
2020-11-20 22:14:46,561 - pyswarms.single.global_best - INFO - Optimize for 100 iters with {'c1': 0.5, 'c2': 0.3, 'w': 0.9}
2020-11-20 22:14:54,302 - pyswarms.single.global_best - INFO - Optimize for 1000 iters with {'c1': 0.5, 'c2': 0.3, 'w': 0.9}
2020-11-20 22:18:46,252 - pyswarms.single.global_best - INFO - Optimize for 1000 iters with {'c1': 0.5, 'c2': 0.3, 'w': 0.9}
2020-11-20 22:18:59,972 - pyswarms.single.global_best - INFO - Optimize for 1000 iters with {'c1': 0.5, 'c2': 0.3, 'w': 0.9}
2020-11-20 22:19:37,445 - pyswarms.single.global_best - INFO - Optimize for 1000 iters with {'c1': 0.5, 'c2': 0.3, 'w': 0.9}
2020-11-20 22:22:54,323 - pyswarms.single.global_best - INFO - Optimize for 1000 iters with {'c1': 0.5, 'c2': 0.3, 'w': 0.9}
2020-11-20 22:25:44,325 - pyswarms.single.global_best - INFO - Optimize for 1000 iters with {'c1': 0.5, 'c2': 0.3, 'w': 0.9}
2020-11-20 22:27:10,117 - pyswarms.single.global_best - INFO - Optimize for 1000 iters with {'c1': 0.5, 'c2': 0.3, 'w': 0.9}
2020-11-20 22:27:19,698 - pyswarms.single.global_best - INFO - Optimize for 1000 iters with {'c1': 0.5, 'c2': 0.3, 'w': 0.9}
2020-11-20 22:29:21,588 - pyswarms.single.global_best - INFO - Optimize for 1000 iters with {'c1': 0.5, 'c2': 0.3, 'w': 0.9}
2020-11-20 22:30:35,861 - pyswarms.single.global_best - INFO - Optimize for 1000 iters with {'c1': 0.5, 'c2': 0.3, 'w': 0.9}
2020-11-20 22:34:33,761 - pyswarms.single.global_best - INFO - Optimize for 1000 iters with {'c1': 0.5, 'c2': 0.3, 'w': 0.9}
2020-11-20 22:34:55,587 - pyswarms.single.global_best - INFO - Optimize for 1000 iters with {'c1': 0.5, 'c2': 0.3, 'w': 0.9}
2020-11-20 22:35:09,939 - pyswarms.single.global_best - INFO - Optimize for 1000 iters with {'c1': 0.5, 'c2': 0.3, 'w': 0.9}
2020-11-20 22:35:21,888 - pyswarms.single.global_best - INFO - Optimize for 1000 iters with {'c1': 0.5, 'c2': 0.3, 'w': 0.9}
2020-11-20 22:37:28,119 - pyswarms.single.global_best - INFO - Optimize for 1000 iters with {'c1': 0.5, 'c2': 0.3, 'w': 0.9}
2020-11-20 22:37:59,453 - pyswarms.single.global_best - INFO - Optimize for 1000 iters with {'c1': 0.5, 'c2': 0.3, 'w': 0.9}
2020-11-20 22:44:21,364 - pyswarms.single.global_best - INFO - Optimize for 1000 iters with {'c1': 0.5, 'c2': 0.3, 'w': 0.9}
2020-11-20 22:50:09,232 - pyswarms.single.local_best - INFO - Optimize for 1000 iters with {'c1': 0.5, 'c2': 0.3, 'w': 0.9, 'k': 2, 'p': 2}
2020-11-20 22:50:40,940 - pyswarms.single.local_best - INFO - Optimize for 500 iters with {'c1': 0.5, 'c2': 0.3, 'w': 0.9, 'k': 2, 'p': 2}
2020-11-20 22:52:23,305 - pyswarms.single.local_best - INFO - Optimization finished | best cost: 0.4875497012103313, best pos: [-1.05823383e-01 -1.80529829e-01  3.38186431e-01  5.91927827e-01
  7.48536514e-01  4.53552493e-01  6.04790155e-01  1.26560671e-01
  5.93218111e-01  1.33883306e-01  5.57001552e-01 -1.45787893e-01
 -2.83980850e-01  3.00044412e-01  2.94468776e-01  4.31856810e-01
  5.24801073e-01  3.34410708e-01 -2.58656603e-03  4.82361283e-01
  2.89888157e-01  1.47474110e-01 -8.82105480e-02  5.03887669e-01
 -2.41371093e-01  1.66089321e-01 -2.68149698e-02  3.01334112e-01
  2.62655387e-02  2.60981464e-01  2.66085111e-01  9.23893261e-02
  7.83989015e-01  1.78323587e-01 -1.13611825e-01  4.37231920e-01
  1.29991929e+00  8.20001347e-01 -7.53328957e-01  4.27420376e-01
 -5.13881974e-01 -5.55612703e-01  2.79312630e-01 -3.19163514e-02
  4.90738563e-02  3.13540670e-01 -2.16572414e-01  6.77692746e-01
 -1.05567821e-01 -4.43354995e-01  1.50105273e-01  1.58090037e-01
 -3.75156929e-01 -5.42574092e-01 -1.09313481e-01  4.28753354e-01
 -7.20929576e-02 -8.16763157e-02 -5.98862983e-01  2.89161500e-01
  3.93616890e-01 -5.08118416e-01 -2.02949056e-02 -2.31576678e-01
  4.33510279e-01 -3.28038588e-01  1.13968991e+00  4.48139948e-02
  1.13185819e-01  3.66231754e-01 -6.40202009e-02  8.17442764e-01
  4.98184786e-02  2.59411553e-01  6.20602581e-01  4.73095673e-01
 -5.15364593e-01  4.73429815e-01 -2.43364610e-02 -3.34683774e-01
  7.24549696e-02  3.46952431e-01 -1.25479640e-01 -7.93945383e-02
  6.38757131e-01  2.60014352e-02 -7.01034490e-01  9.93846969e-01
  2.10361280e-01  3.49020478e-01  2.22108275e+00 -6.24713356e-02
  4.91426081e-01  9.09786862e-01 -2.39207595e-01  1.45438093e-01
  1.08430263e-01 -2.50187367e-01 -4.69078560e-01  2.07260645e-01
  2.11460698e-01 -2.61022300e-01  6.07382494e-03 -1.44266996e-01
 -6.35405979e-01 -1.44980615e-01 -3.21492136e-01 -1.82353836e-01
  6.56803656e-05 -3.65395192e-01  7.88121052e-02  6.49159410e-01
 -2.73966624e-02  2.13987836e-01 -5.11658421e-01  1.61943860e-01
  3.78523079e-01 -2.59012863e-01  4.77649333e-01  4.49791174e-01
 -5.26792060e-01  4.32145074e-01  4.27272511e-01  9.24016756e-01
  4.45222094e-01 -2.77035580e-01 -3.56584437e-03 -2.58517813e-01
  9.24018269e-01  4.20132850e-01  6.23830701e-01  8.68921784e-01
  5.50844691e-01 -3.06019617e-01 -2.44901495e-03  1.65519204e-01
 -2.26147756e-01 -3.47223406e-01 -3.92523058e-01 -1.58375440e-01
  4.37897015e-01  3.26631172e-01 -5.49700106e-01  8.41402199e-02
  5.42910666e-01 -6.93875021e-02  2.28639258e-01  8.98685308e-02
  9.35160890e-02  6.83912889e-01  2.68903903e-02  4.20730896e-01
  4.58834634e-01 -8.75926676e-02  2.42911605e-01  9.01161429e-01
 -1.44433064e-01  6.93627661e-01  1.03608865e+00 -5.94960784e-02
  5.50814093e-01 -3.48607789e-01 -1.81590672e-01  9.25570151e-01
 -2.05678914e-01  1.61225046e-01 -1.88573941e-01 -3.79875261e-02
 -3.52878562e-01 -1.27950841e-01 -1.96985789e-01 -7.49747088e-03
 -1.20556621e-01 -1.67340984e-01  5.46265734e-02  1.41004017e-02
 -1.55217572e-01 -3.78938400e-01  1.21750062e+00  1.54949545e-01
 -2.80242966e-01  8.71640910e-02  1.34078358e-01 -1.57784031e-01
  6.47288647e-01 -4.06215016e-02  3.79223995e-01  3.52640647e-01
  6.51999885e-01  5.13534753e-01 -1.64903760e+00 -2.77294426e-01
 -4.02325749e-01  1.67166686e-01  6.76792596e-01 -1.01631979e+00
 -1.46912727e-01  3.43701363e-01  1.49187314e-02 -1.35531934e-01
 -7.75986921e-01 -1.90113565e-01  1.54864613e-01 -1.00595702e-02
  6.53485185e-01  4.31061070e-02  7.64329967e-01  1.81776924e-01
  8.34954778e-01 -7.09954426e-01 -3.06039449e-01 -1.42068919e-01
 -6.50211536e-02 -4.60422517e-01 -2.19469144e-01  5.42008657e-01
 -2.40907875e-01 -5.88642617e-01  1.40704781e-01  1.81790445e-01
  1.51385347e-01  2.14747518e-02  1.70807095e-01  1.51490986e-02
 -7.79183305e-02 -7.72661238e-01 -3.80293036e-02  4.72519273e-01
  3.16568178e-01  6.85492623e-01  7.05286620e-01 -1.65498570e-01
 -7.21420437e-01 -2.03603749e-01  3.98762967e-01  1.61058705e-01
 -2.22517406e-01 -2.61650708e-02 -4.57007021e-01  5.70931474e-01
 -4.59294385e-01  1.27640194e-01  9.88976827e-01  8.69939412e-02
  9.59611595e-01 -1.14706028e+00  5.90052860e-01 -3.61393883e-02
 -1.35665512e-01  1.78467439e-01  1.72957093e-01 -6.54938501e-01
  1.33699100e-01  9.84719140e-01 -4.73832190e-01 -1.74626488e-01
  2.35739423e-01  4.26383548e-01  6.78913672e-01  4.32018772e-01
  9.23126948e-01  1.05833055e+00 -3.94494206e-01 -2.87214617e-01
  4.01044871e-01  3.04491034e-01  3.33832827e-02 -4.37282326e-01
  6.09277544e-01  1.15174368e-01 -2.55680658e-01  4.20988000e-01
  1.11796296e-01  2.11822502e-01 -3.91199877e-02 -4.00450783e-02
  2.97503838e-01 -8.07269023e-02  2.03359412e-01  1.68173858e-01
 -1.01696138e-01  1.36560014e-01  2.14657689e-01 -1.57369058e-01
 -4.05487563e-01 -3.61302073e-01  3.29488496e-01  4.12512226e-02
  9.35626477e-02  3.58877785e-01  8.37446259e-02  6.87823329e-01
  7.44758645e-02  1.19842440e-01  1.89740629e-01  8.40016139e-01
  9.27970657e-02  3.73522076e-01  4.42111373e-01 -1.92452165e-02
  9.17287454e-01 -1.72160430e-01]
